{"/Users/lincon/Documents/projects/apis/api-product/src/app.controller.ts": {"path":"/Users/lincon/Documents/projects/apis/api-product/src/app.controller.ts","statementMap":{"0":{"start":{"line":1,"column":0},"end":{"line":1,"column":49}},"1":{"start":{"line":2,"column":0},"end":{"line":2,"column":43}},"2":{"start":{"line":3,"column":0},"end":{"line":3,"column":56}},"3":{"start":{"line":6,"column":7},"end":{"line":14,"column":null}},"4":{"start":{"line":7,"column":31},"end":{"line":7,"column":43}},"5":{"start":{"line":12,"column":4},"end":{"line":12,"column":38}},"6":{"start":{"line":6,"column":13},"end":{"line":6,"column":26}},"7":{"start":{"line":11,"column":2},"end":{"line":13,"column":null}},"8":{"start":{"line":6,"column":13},"end":{"line":14,"column":null}}},"fnMap":{"0":{"name":"(anonymous_2)","decl":{"start":{"line":7,"column":2},"end":{"line":7,"column":31}},"loc":{"start":{"line":7,"column":53},"end":{"line":7,"column":57}}},"1":{"name":"(anonymous_3)","decl":{"start":{"line":11,"column":2},"end":{"line":11,"column":10}},"loc":{"start":{"line":11,"column":10},"end":{"line":13,"column":3}}}},"branchMap":{},"s":{"0":1,"1":1,"2":1,"3":1,"4":1,"5":1,"6":1,"7":1,"8":1},"f":{"0":1,"1":1},"b":{}}
,"/Users/lincon/Documents/projects/apis/api-product/src/app.module.ts": {"path":"/Users/lincon/Documents/projects/apis/api-product/src/app.module.ts","statementMap":{"0":{"start":{"line":1,"column":0},"end":{"line":1,"column":23}},"1":{"start":{"line":2,"column":0},"end":{"line":2,"column":40}},"2":{"start":{"line":3,"column":0},"end":{"line":3,"column":49}},"3":{"start":{"line":4,"column":0},"end":{"line":4,"column":43}},"4":{"start":{"line":5,"column":0},"end":{"line":5,"column":57}},"5":{"start":{"line":6,"column":0},"end":{"line":6,"column":57}},"6":{"start":{"line":7,"column":0},"end":{"line":7,"column":48}},"7":{"start":{"line":8,"column":0},"end":{"line":8,"column":48}},"8":{"start":{"line":9,"column":0},"end":{"line":9,"column":60}},"9":{"start":{"line":10,"column":0},"end":{"line":10,"column":46}},"10":{"start":{"line":11,"column":0},"end":{"line":11,"column":37}},"11":{"start":{"line":12,"column":0},"end":{"line":12,"column":60}},"12":{"start":{"line":13,"column":0},"end":{"line":13,"column":51}},"13":{"start":{"line":14,"column":0},"end":{"line":14,"column":48}},"14":{"start":{"line":15,"column":0},"end":{"line":15,"column":41}},"15":{"start":{"line":16,"column":0},"end":{"line":16,"column":46}},"16":{"start":{"line":50,"column":7},"end":{"line":52,"column":null}},"17":{"start":{"line":51,"column":22},"end":{"line":51,"column":34}},"18":{"start":{"line":50,"column":13},"end":{"line":50,"column":22}},"19":{"start":{"line":50,"column":13},"end":{"line":52,"column":null}}},"fnMap":{"0":{"name":"(anonymous_2)","decl":{"start":{"line":51,"column":2},"end":{"line":51,"column":22}},"loc":{"start":{"line":51,"column":44},"end":{"line":51,"column":48}}}},"branchMap":{},"s":{"0":0,"1":0,"2":0,"3":0,"4":0,"5":0,"6":0,"7":0,"8":0,"9":0,"10":0,"11":0,"12":0,"13":0,"14":0,"15":0,"16":0,"17":0,"18":0,"19":0},"f":{"0":0},"b":{}}
,"/Users/lincon/Documents/projects/apis/api-product/src/app.service.ts": {"path":"/Users/lincon/Documents/projects/apis/api-product/src/app.service.ts","statementMap":{"0":{"start":{"line":1,"column":0},"end":{"line":1,"column":44}},"1":{"start":{"line":4,"column":7},"end":{"line":8,"column":null}},"2":{"start":{"line":6,"column":4},"end":{"line":6,"column":26}},"3":{"start":{"line":4,"column":13},"end":{"line":4,"column":23}},"4":{"start":{"line":4,"column":13},"end":{"line":8,"column":null}}},"fnMap":{"0":{"name":"(anonymous_1)","decl":{"start":{"line":5,"column":2},"end":{"line":5,"column":10}},"loc":{"start":{"line":5,"column":10},"end":{"line":7,"column":3}}}},"branchMap":{},"s":{"0":1,"1":1,"2":1,"3":1,"4":1},"f":{"0":1},"b":{}}
,"/Users/lincon/Documents/projects/apis/api-product/src/main.ts": {"path":"/Users/lincon/Documents/projects/apis/api-product/src/main.ts","statementMap":{"0":{"start":{"line":1,"column":0},"end":{"line":1,"column":23}},"1":{"start":{"line":2,"column":0},"end":{"line":2,"column":43}},"2":{"start":{"line":3,"column":0},"end":{"line":3,"column":41}},"3":{"start":{"line":6,"column":14},"end":{"line":6,"column":49}},"4":{"start":{"line":7,"column":2},"end":{"line":7,"column":45}},"5":{"start":{"line":9,"column":0},"end":{"line":9,"column":12}}},"fnMap":{"0":{"name":"bootstrap","decl":{"start":{"line":5,"column":15},"end":{"line":5,"column":24}},"loc":{"start":{"line":5,"column":24},"end":{"line":8,"column":1}}}},"branchMap":{"0":{"loc":{"start":{"line":7,"column":19},"end":{"line":7,"column":43}},"type":"binary-expr","locations":[{"start":{"line":7,"column":19},"end":{"line":7,"column":35}},{"start":{"line":7,"column":39},"end":{"line":7,"column":43}}]}},"s":{"0":0,"1":0,"2":0,"3":0,"4":0,"5":0},"f":{"0":0},"b":{"0":[0,0]}}
,"/Users/lincon/Documents/projects/apis/api-product/src/auth/auth.controller.ts": {"path":"/Users/lincon/Documents/projects/apis/api-product/src/auth/auth.controller.ts","statementMap":{"0":{"start":{"line":1,"column":0},"end":{"line":1,"column":56}},"1":{"start":{"line":2,"column":0},"end":{"line":2,"column":45}},"2":{"start":{"line":3,"column":0},"end":{"line":3,"column":54}},"3":{"start":{"line":4,"column":0},"end":{"line":4,"column":58}},"4":{"start":{"line":7,"column":7},"end":{"line":15,"column":null}},"5":{"start":{"line":8,"column":31},"end":{"line":8,"column":44}},"6":{"start":{"line":13,"column":4},"end":{"line":13,"column":49}},"7":{"start":{"line":7,"column":13},"end":{"line":7,"column":27}},"8":{"start":{"line":12,"column":2},"end":{"line":14,"column":null}},"9":{"start":{"line":7,"column":13},"end":{"line":15,"column":null}}},"fnMap":{"0":{"name":"(anonymous_4)","decl":{"start":{"line":8,"column":2},"end":{"line":8,"column":31}},"loc":{"start":{"line":8,"column":55},"end":{"line":8,"column":59}}},"1":{"name":"(anonymous_5)","decl":{"start":{"line":12,"column":2},"end":{"line":12,"column":8}},"loc":{"start":{"line":12,"column":45},"end":{"line":14,"column":3}}}},"branchMap":{},"s":{"0":0,"1":0,"2":0,"3":0,"4":0,"5":0,"6":0,"7":0,"8":0,"9":0},"f":{"0":0,"1":0},"b":{}}
,"/Users/lincon/Documents/projects/apis/api-product/src/auth/auth.guard.ts": {"path":"/Users/lincon/Documents/projects/apis/api-product/src/auth/auth.guard.ts","statementMap":{"0":{"start":{"line":1,"column":0},"end":{"line":1,"column":23}},"1":{"start":{"line":2,"column":0},"end":{"line":2,"column":null}},"2":{"start":{"line":8,"column":0},"end":{"line":8,"column":41}},"3":{"start":{"line":9,"column":0},"end":{"line":9,"column":41}},"4":{"start":{"line":11,"column":0},"end":{"line":11,"column":65}},"5":{"start":{"line":14,"column":7},"end":{"line":49,"column":null}},"6":{"start":{"line":16,"column":12},"end":{"line":16,"column":24}},"7":{"start":{"line":17,"column":12},"end":{"line":17,"column":23}},"8":{"start":{"line":21,"column":21},"end":{"line":24,"column":6}},"9":{"start":{"line":25,"column":4},"end":{"line":27,"column":5}},"10":{"start":{"line":26,"column":6},"end":{"line":26,"column":18}},"11":{"start":{"line":29,"column":20},"end":{"line":29,"column":55}},"12":{"start":{"line":30,"column":18},"end":{"line":30,"column":54}},"13":{"start":{"line":31,"column":4},"end":{"line":33,"column":5}},"14":{"start":{"line":32,"column":6},"end":{"line":32,"column":40}},"15":{"start":{"line":34,"column":4},"end":{"line":41,"column":5}},"16":{"start":{"line":35,"column":22},"end":{"line":37,"column":8}},"17":{"start":{"line":38,"column":6},"end":{"line":38,"column":32}},"18":{"start":{"line":40,"column":6},"end":{"line":40,"column":40}},"19":{"start":{"line":42,"column":4},"end":{"line":42,"column":16}},"20":{"start":{"line":46,"column":26},"end":{"line":46,"column":73}},"21":{"start":{"line":47,"column":4},"end":{"line":47,"column":49}},"22":{"start":{"line":14,"column":13},"end":{"line":14,"column":22}},"23":{"start":{"line":14,"column":13},"end":{"line":49,"column":null}}},"fnMap":{"0":{"name":"(anonymous_2)","decl":{"start":{"line":15,"column":2},"end":{"line":15,"column":null}},"loc":{"start":{"line":17,"column":32},"end":{"line":18,"column":6}}},"1":{"name":"(anonymous_3)","decl":{"start":{"line":20,"column":2},"end":{"line":20,"column":7}},"loc":{"start":{"line":20,"column":45},"end":{"line":43,"column":3}}},"2":{"name":"(anonymous_4)","decl":{"start":{"line":45,"column":10},"end":{"line":45,"column":32}},"loc":{"start":{"line":45,"column":49},"end":{"line":48,"column":3}}}},"branchMap":{"0":{"loc":{"start":{"line":25,"column":4},"end":{"line":27,"column":5}},"type":"if","locations":[{"start":{"line":25,"column":4},"end":{"line":27,"column":5}}]},"1":{"loc":{"start":{"line":31,"column":4},"end":{"line":33,"column":5}},"type":"if","locations":[{"start":{"line":31,"column":4},"end":{"line":33,"column":5}}]},"2":{"loc":{"start":{"line":46,"column":26},"end":{"line":46,"column":73}},"type":"binary-expr","locations":[{"start":{"line":46,"column":26},"end":{"line":46,"column":67}},{"start":{"line":46,"column":71},"end":{"line":46,"column":73}}]},"3":{"loc":{"start":{"line":47,"column":11},"end":{"line":47,"column":48}},"type":"cond-expr","locations":[{"start":{"line":47,"column":31},"end":{"line":47,"column":36}},{"start":{"line":47,"column":39},"end":{"line":47,"column":48}}]}},"s":{"0":0,"1":0,"2":0,"3":0,"4":0,"5":0,"6":0,"7":0,"8":0,"9":0,"10":0,"11":0,"12":0,"13":0,"14":0,"15":0,"16":0,"17":0,"18":0,"19":0,"20":0,"21":0,"22":0,"23":0},"f":{"0":0,"1":0,"2":0},"b":{"0":[0],"1":[0],"2":[0,0],"3":[0,0]}}
,"/Users/lincon/Documents/projects/apis/api-product/src/auth/auth.module.ts": {"path":"/Users/lincon/Documents/projects/apis/api-product/src/auth/auth.module.ts","statementMap":{"0":{"start":{"line":1,"column":0},"end":{"line":1,"column":23}},"1":{"start":{"line":2,"column":0},"end":{"line":2,"column":40}},"2":{"start":{"line":3,"column":0},"end":{"line":3,"column":45}},"3":{"start":{"line":4,"column":0},"end":{"line":4,"column":51}},"4":{"start":{"line":5,"column":0},"end":{"line":5,"column":48}},"5":{"start":{"line":6,"column":0},"end":{"line":6,"column":53}},"6":{"start":{"line":7,"column":0},"end":{"line":7,"column":40}},"7":{"start":{"line":23,"column":7},"end":{"line":23,"column":null}},"8":{"start":{"line":23,"column":13},"end":{"line":23,"column":23}},"9":{"start":{"line":23,"column":13},"end":{"line":23,"column":null}}},"fnMap":{},"branchMap":{},"s":{"0":0,"1":0,"2":0,"3":0,"4":0,"5":0,"6":0,"7":0,"8":0,"9":0},"f":{},"b":{}}
,"/Users/lincon/Documents/projects/apis/api-product/src/auth/auth.service.ts": {"path":"/Users/lincon/Documents/projects/apis/api-product/src/auth/auth.service.ts","statementMap":{"0":{"start":{"line":1,"column":0},"end":{"line":1,"column":null}},"1":{"start":{"line":8,"column":0},"end":{"line":8,"column":51}},"2":{"start":{"line":9,"column":0},"end":{"line":9,"column":53}},"3":{"start":{"line":10,"column":0},"end":{"line":10,"column":37}},"4":{"start":{"line":11,"column":0},"end":{"line":11,"column":41}},"5":{"start":{"line":12,"column":0},"end":{"line":12,"column":33}},"6":{"start":{"line":15,"column":24},"end":{"line":62,"column":null}},"7":{"start":{"line":19,"column":12},"end":{"line":19,"column":29}},"8":{"start":{"line":20,"column":12},"end":{"line":20,"column":24}},"9":{"start":{"line":16,"column":19},"end":{"line":16,"column":57}},"10":{"start":{"line":24,"column":4},"end":{"line":60,"column":5}},"11":{"start":{"line":25,"column":19},"end":{"line":27,"column":8}},"12":{"start":{"line":28,"column":6},"end":{"line":30,"column":7}},"13":{"start":{"line":29,"column":8},"end":{"line":29,"column":78}},"14":{"start":{"line":31,"column":22},"end":{"line":33,"column":null}},"15":{"start":{"line":35,"column":6},"end":{"line":45,"column":7}},"16":{"start":{"line":36,"column":24},"end":{"line":39,"column":10}},"17":{"start":{"line":40,"column":8},"end":{"line":40,"column":29}},"18":{"start":{"line":41,"column":8},"end":{"line":44,"column":10}},"19":{"start":{"line":47,"column":6},"end":{"line":50,"column":10}},"20":{"start":{"line":48,"column":8},"end":{"line":50,"column":10}},"21":{"start":{"line":51,"column":6},"end":{"line":51,"column":18}},"22":{"start":{"line":53,"column":6},"end":{"line":59,"column":7}},"23":{"start":{"line":54,"column":8},"end":{"line":54,"column":78}},"24":{"start":{"line":56,"column":8},"end":{"line":58,"column":10}},"25":{"start":{"line":15,"column":13},"end":{"line":15,"column":24}},"26":{"start":{"line":15,"column":13},"end":{"line":62,"column":null}}},"fnMap":{"0":{"name":"(anonymous_4)","decl":{"start":{"line":17,"column":2},"end":{"line":17,"column":null}},"loc":{"start":{"line":20,"column":34},"end":{"line":21,"column":6}}},"1":{"name":"(anonymous_5)","decl":{"start":{"line":23,"column":2},"end":{"line":23,"column":7}},"loc":{"start":{"line":23,"column":42},"end":{"line":61,"column":3}}}},"branchMap":{"0":{"loc":{"start":{"line":28,"column":6},"end":{"line":30,"column":7}},"type":"if","locations":[{"start":{"line":28,"column":6},"end":{"line":30,"column":7}}]},"1":{"loc":{"start":{"line":35,"column":6},"end":{"line":45,"column":7}},"type":"if","locations":[{"start":{"line":35,"column":6},"end":{"line":45,"column":7}}]},"2":{"loc":{"start":{"line":47,"column":6},"end":{"line":50,"column":10}},"type":"if","locations":[{"start":{"line":47,"column":6},"end":{"line":50,"column":10}}]},"3":{"loc":{"start":{"line":53,"column":6},"end":{"line":59,"column":7}},"type":"if","locations":[{"start":{"line":53,"column":6},"end":{"line":59,"column":7}},{"start":{"line":55,"column":13},"end":{"line":59,"column":7}}]}},"s":{"0":0,"1":0,"2":0,"3":0,"4":0,"5":0,"6":0,"7":0,"8":0,"9":0,"10":0,"11":0,"12":0,"13":0,"14":0,"15":0,"16":0,"17":0,"18":0,"19":0,"20":0,"21":0,"22":0,"23":0,"24":0,"25":0,"26":0},"f":{"0":0,"1":0},"b":{"0":[0],"1":[0],"2":[0],"3":[0,0]}}
,"/Users/lincon/Documents/projects/apis/api-product/src/auth/dto/create-auth.dto.ts": {"path":"/Users/lincon/Documents/projects/apis/api-product/src/auth/dto/create-auth.dto.ts","statementMap":{"0":{"start":{"line":1,"column":0},"end":{"line":1,"column":45}},"1":{"start":{"line":3,"column":0},"end":{"line":3,"column":13}},"2":{"start":{"line":5,"column":11},"end":{"line":5,"column":null}},"3":{"start":{"line":7,"column":11},"end":{"line":7,"column":null}}},"fnMap":{},"branchMap":{},"s":{"0":0,"1":0,"2":0,"3":0},"f":{},"b":{}}
,"/Users/lincon/Documents/projects/apis/api-product/src/auth/dto/update-auth.dto.ts": {"path":"/Users/lincon/Documents/projects/apis/api-product/src/auth/dto/update-auth.dto.ts","statementMap":{"0":{"start":{"line":1,"column":0},"end":{"line":1,"column":46}},"1":{"start":{"line":2,"column":0},"end":{"line":2,"column":50}},"2":{"start":{"line":4,"column":0},"end":{"line":4,"column":13}}},"fnMap":{},"branchMap":{},"s":{"0":0,"1":0,"2":0},"f":{},"b":{}}
,"/Users/lincon/Documents/projects/apis/api-product/src/auth/entities/auth.entity.ts": {"path":"/Users/lincon/Documents/projects/apis/api-product/src/auth/entities/auth.entity.ts","statementMap":{"0":{"start":{"line":1,"column":0},"end":{"line":1,"column":13}}},"fnMap":{},"branchMap":{},"s":{"0":0},"f":{},"b":{}}
,"/Users/lincon/Documents/projects/apis/api-product/src/decorators/public.decorators.ts": {"path":"/Users/lincon/Documents/projects/apis/api-product/src/decorators/public.decorators.ts","statementMap":{"0":{"start":{"line":2,"column":0},"end":{"line":2,"column":45}},"1":{"start":{"line":4,"column":13},"end":{"line":4,"column":40}},"2":{"start":{"line":5,"column":22},"end":{"line":5,"column":60}},"3":{"start":{"line":5,"column":28},"end":{"line":5,"column":60}},"4":{"start":{"line":5,"column":13},"end":{"line":5,"column":22}}},"fnMap":{"0":{"name":"(anonymous_0)","decl":{"start":{"line":5,"column":22},"end":{"line":5,"column":25}},"loc":{"start":{"line":5,"column":28},"end":{"line":5,"column":60}}}},"branchMap":{},"s":{"0":2,"1":2,"2":2,"3":2,"4":2},"f":{"0":2},"b":{}}
,"/Users/lincon/Documents/projects/apis/api-product/src/factory/factory.controller.ts": {"path":"/Users/lincon/Documents/projects/apis/api-product/src/factory/factory.controller.ts","statementMap":{"0":{"start":{"line":1,"column":0},"end":{"line":1,"column":null}},"1":{"start":{"line":10,"column":0},"end":{"line":10,"column":51}},"2":{"start":{"line":11,"column":0},"end":{"line":11,"column":60}},"3":{"start":{"line":12,"column":0},"end":{"line":12,"column":60}},"4":{"start":{"line":15,"column":7},"end":{"line":42,"column":null}},"5":{"start":{"line":16,"column":31},"end":{"line":16,"column":47}},"6":{"start":{"line":20,"column":4},"end":{"line":20,"column":56}},"7":{"start":{"line":25,"column":4},"end":{"line":25,"column":41}},"8":{"start":{"line":30,"column":4},"end":{"line":30,"column":44}},"9":{"start":{"line":35,"column":4},"end":{"line":35,"column":61}},"10":{"start":{"line":40,"column":4},"end":{"line":40,"column":43}},"11":{"start":{"line":15,"column":13},"end":{"line":15,"column":30}},"12":{"start":{"line":19,"column":2},"end":{"line":21,"column":null}},"13":{"start":{"line":24,"column":2},"end":{"line":26,"column":null}},"14":{"start":{"line":29,"column":2},"end":{"line":31,"column":null}},"15":{"start":{"line":34,"column":2},"end":{"line":36,"column":null}},"16":{"start":{"line":39,"column":2},"end":{"line":41,"column":null}},"17":{"start":{"line":15,"column":13},"end":{"line":42,"column":null}}},"fnMap":{"0":{"name":"(anonymous_4)","decl":{"start":{"line":16,"column":2},"end":{"line":16,"column":31}},"loc":{"start":{"line":16,"column":61},"end":{"line":16,"column":65}}},"1":{"name":"(anonymous_5)","decl":{"start":{"line":19,"column":2},"end":{"line":19,"column":8}},"loc":{"start":{"line":19,"column":51},"end":{"line":21,"column":3}}},"2":{"name":"(anonymous_6)","decl":{"start":{"line":24,"column":2},"end":{"line":24,"column":9}},"loc":{"start":{"line":24,"column":9},"end":{"line":26,"column":3}}},"3":{"name":"(anonymous_7)","decl":{"start":{"line":29,"column":2},"end":{"line":29,"column":9}},"loc":{"start":{"line":29,"column":33},"end":{"line":31,"column":3}}},"4":{"name":"(anonymous_8)","decl":{"start":{"line":34,"column":2},"end":{"line":34,"column":8}},"loc":{"start":{"line":34,"column":76},"end":{"line":36,"column":3}}},"5":{"name":"(anonymous_9)","decl":{"start":{"line":39,"column":2},"end":{"line":39,"column":8}},"loc":{"start":{"line":39,"column":32},"end":{"line":41,"column":3}}}},"branchMap":{},"s":{"0":0,"1":0,"2":0,"3":0,"4":0,"5":0,"6":0,"7":0,"8":0,"9":0,"10":0,"11":0,"12":0,"13":0,"14":0,"15":0,"16":0,"17":0},"f":{"0":0,"1":0,"2":0,"3":0,"4":0,"5":0},"b":{}}
,"/Users/lincon/Documents/projects/apis/api-product/src/factory/factory.module.ts": {"path":"/Users/lincon/Documents/projects/apis/api-product/src/factory/factory.module.ts","statementMap":{"0":{"start":{"line":1,"column":0},"end":{"line":1,"column":40}},"1":{"start":{"line":2,"column":0},"end":{"line":2,"column":51}},"2":{"start":{"line":3,"column":0},"end":{"line":3,"column":57}},"3":{"start":{"line":4,"column":0},"end":{"line":4,"column":48}},"4":{"start":{"line":5,"column":0},"end":{"line":5,"column":52}},"5":{"start":{"line":6,"column":0},"end":{"line":6,"column":62}},"6":{"start":{"line":13,"column":7},"end":{"line":13,"column":null}},"7":{"start":{"line":13,"column":13},"end":{"line":13,"column":26}},"8":{"start":{"line":13,"column":13},"end":{"line":13,"column":null}}},"fnMap":{},"branchMap":{},"s":{"0":0,"1":0,"2":0,"3":0,"4":0,"5":0,"6":0,"7":0,"8":0},"f":{},"b":{}}
,"/Users/lincon/Documents/projects/apis/api-product/src/factory/factory.service.ts": {"path":"/Users/lincon/Documents/projects/apis/api-product/src/factory/factory.service.ts","statementMap":{"0":{"start":{"line":1,"column":0},"end":{"line":1,"column":73}},"1":{"start":{"line":4,"column":0},"end":{"line":4,"column":52}},"2":{"start":{"line":5,"column":0},"end":{"line":5,"column":37}},"3":{"start":{"line":6,"column":0},"end":{"line":6,"column":51}},"4":{"start":{"line":9,"column":27},"end":{"line":105,"column":null}},"5":{"start":{"line":13,"column":12},"end":{"line":13,"column":31}},"6":{"start":{"line":10,"column":19},"end":{"line":10,"column":60}},"7":{"start":{"line":17,"column":4},"end":{"line":35,"column":5}},"8":{"start":{"line":18,"column":25},"end":{"line":18,"column":35}},"9":{"start":{"line":19,"column":19},"end":{"line":19,"column":50}},"10":{"start":{"line":20,"column":19},"end":{"line":20,"column":50}},"11":{"start":{"line":21,"column":6},"end":{"line":21,"column":54}},"12":{"start":{"line":23,"column":22},"end":{"line":23,"column":35}},"13":{"start":{"line":24,"column":6},"end":{"line":24,"column":55}},"14":{"start":{"line":25,"column":6},"end":{"line":25,"column":57}},"15":{"start":{"line":27,"column":23},"end":{"line":27,"column":65}},"16":{"start":{"line":28,"column":6},"end":{"line":28,"column":22}},"17":{"start":{"line":30,"column":6},"end":{"line":30,"column":31}},"18":{"start":{"line":31,"column":6},"end":{"line":34,"column":9}},"19":{"start":{"line":39,"column":4},"end":{"line":48,"column":5}},"20":{"start":{"line":40,"column":23},"end":{"line":40,"column":58}},"21":{"start":{"line":41,"column":6},"end":{"line":41,"column":22}},"22":{"start":{"line":43,"column":6},"end":{"line":43,"column":31}},"23":{"start":{"line":44,"column":6},"end":{"line":47,"column":9}},"24":{"start":{"line":52,"column":4},"end":{"line":65,"column":5}},"25":{"start":{"line":53,"column":23},"end":{"line":57,"column":8}},"26":{"start":{"line":58,"column":6},"end":{"line":58,"column":22}},"27":{"start":{"line":60,"column":6},"end":{"line":60,"column":31}},"28":{"start":{"line":61,"column":6},"end":{"line":64,"column":9}},"29":{"start":{"line":69,"column":4},"end":{"line":90,"column":5}},"30":{"start":{"line":70,"column":24},"end":{"line":70,"column":34}},"31":{"start":{"line":71,"column":19},"end":{"line":71,"column":49}},"32":{"start":{"line":72,"column":19},"end":{"line":72,"column":49}},"33":{"start":{"line":74,"column":6},"end":{"line":74,"column":54}},"34":{"start":{"line":75,"column":22},"end":{"line":75,"column":68}},"35":{"start":{"line":76,"column":6},"end":{"line":76,"column":55}},"36":{"start":{"line":77,"column":6},"end":{"line":80,"column":32}},"37":{"start":{"line":82,"column":23},"end":{"line":82,"column":65}},"38":{"start":{"line":83,"column":6},"end":{"line":83,"column":22}},"39":{"start":{"line":85,"column":6},"end":{"line":85,"column":31}},"40":{"start":{"line":86,"column":6},"end":{"line":89,"column":9}},"41":{"start":{"line":94,"column":4},"end":{"line":103,"column":5}},"42":{"start":{"line":95,"column":23},"end":{"line":95,"column":66}},"43":{"start":{"line":96,"column":6},"end":{"line":96,"column":22}},"44":{"start":{"line":98,"column":6},"end":{"line":98,"column":31}},"45":{"start":{"line":99,"column":6},"end":{"line":102,"column":9}},"46":{"start":{"line":9,"column":13},"end":{"line":9,"column":27}},"47":{"start":{"line":9,"column":13},"end":{"line":105,"column":null}}},"fnMap":{"0":{"name":"(anonymous_4)","decl":{"start":{"line":11,"column":2},"end":{"line":11,"column":null}},"loc":{"start":{"line":13,"column":50},"end":{"line":14,"column":6}}},"1":{"name":"(anonymous_5)","decl":{"start":{"line":16,"column":2},"end":{"line":16,"column":7}},"loc":{"start":{"line":16,"column":49},"end":{"line":36,"column":3}}},"2":{"name":"(anonymous_6)","decl":{"start":{"line":38,"column":2},"end":{"line":38,"column":7}},"loc":{"start":{"line":38,"column":15},"end":{"line":49,"column":3}}},"3":{"name":"(anonymous_7)","decl":{"start":{"line":51,"column":2},"end":{"line":51,"column":7}},"loc":{"start":{"line":51,"column":26},"end":{"line":66,"column":3}}},"4":{"name":"(anonymous_8)","decl":{"start":{"line":68,"column":2},"end":{"line":68,"column":7}},"loc":{"start":{"line":68,"column":61},"end":{"line":91,"column":3}}},"5":{"name":"(anonymous_9)","decl":{"start":{"line":93,"column":2},"end":{"line":93,"column":7}},"loc":{"start":{"line":93,"column":25},"end":{"line":104,"column":3}}}},"branchMap":{"0":{"loc":{"start":{"line":78,"column":8},"end":{"line":80,"column":31}},"type":"cond-expr","locations":[{"start":{"line":79,"column":12},"end":{"line":79,"column":40}},{"start":{"line":80,"column":12},"end":{"line":80,"column":31}}]}},"s":{"0":0,"1":0,"2":0,"3":0,"4":0,"5":0,"6":0,"7":0,"8":0,"9":0,"10":0,"11":0,"12":0,"13":0,"14":0,"15":0,"16":0,"17":0,"18":0,"19":0,"20":0,"21":0,"22":0,"23":0,"24":0,"25":0,"26":0,"27":0,"28":0,"29":0,"30":0,"31":0,"32":0,"33":0,"34":0,"35":0,"36":0,"37":0,"38":0,"39":0,"40":0,"41":0,"42":0,"43":0,"44":0,"45":0,"46":0,"47":0},"f":{"0":0,"1":0,"2":0,"3":0,"4":0,"5":0},"b":{"0":[0,0]}}
,"/Users/lincon/Documents/projects/apis/api-product/src/factory/dto/create-factory.dto.ts": {"path":"/Users/lincon/Documents/projects/apis/api-product/src/factory/dto/create-factory.dto.ts","statementMap":{"0":{"start":{"line":1,"column":0},"end":{"line":1,"column":45}},"1":{"start":{"line":3,"column":0},"end":{"line":3,"column":13}},"2":{"start":{"line":5,"column":11},"end":{"line":5,"column":null}}},"fnMap":{},"branchMap":{},"s":{"0":0,"1":0,"2":0},"f":{},"b":{}}
,"/Users/lincon/Documents/projects/apis/api-product/src/factory/dto/update-factory.dto.ts": {"path":"/Users/lincon/Documents/projects/apis/api-product/src/factory/dto/update-factory.dto.ts","statementMap":{"0":{"start":{"line":1,"column":0},"end":{"line":1,"column":51}},"1":{"start":{"line":2,"column":0},"end":{"line":2,"column":56}},"2":{"start":{"line":4,"column":0},"end":{"line":4,"column":13}}},"fnMap":{},"branchMap":{},"s":{"0":0,"1":0,"2":0},"f":{},"b":{}}
,"/Users/lincon/Documents/projects/apis/api-product/src/factory/entities/factory.entity.ts": {"path":"/Users/lincon/Documents/projects/apis/api-product/src/factory/entities/factory.entity.ts","statementMap":{"0":{"start":{"line":1,"column":0},"end":{"line":1,"column":62}},"1":{"start":{"line":2,"column":0},"end":{"line":2,"column":76}},"2":{"start":{"line":7,"column":7},"end":{"line":24,"column":null}},"3":{"start":{"line":7,"column":13},"end":{"line":7,"column":20}},"4":{"start":{"line":9,"column":2},"end":{"line":9,"column":null}},"5":{"start":{"line":12,"column":2},"end":{"line":12,"column":null}},"6":{"start":{"line":15,"column":2},"end":{"line":15,"column":null}},"7":{"start":{"line":14,"column":19},"end":{"line":14,"column":26}},"8":{"start":{"line":14,"column":41},"end":{"line":14,"column":56}},"9":{"start":{"line":18,"column":2},"end":{"line":18,"column":null}},"10":{"start":{"line":23,"column":2},"end":{"line":23,"column":null}},"11":{"start":{"line":7,"column":13},"end":{"line":24,"column":null}}},"fnMap":{"0":{"name":"(anonymous_2)","decl":{"start":{"line":14,"column":13},"end":{"line":14,"column":16}},"loc":{"start":{"line":14,"column":19},"end":{"line":14,"column":26}}},"1":{"name":"(anonymous_3)","decl":{"start":{"line":14,"column":28},"end":{"line":14,"column":29}},"loc":{"start":{"line":14,"column":41},"end":{"line":14,"column":56}}}},"branchMap":{},"s":{"0":0,"1":0,"2":0,"3":0,"4":0,"5":0,"6":0,"7":0,"8":0,"9":0,"10":0,"11":0},"f":{"0":0,"1":0},"b":{}}
,"/Users/lincon/Documents/projects/apis/api-product/src/product/product.controller.ts": {"path":"/Users/lincon/Documents/projects/apis/api-product/src/product/product.controller.ts","statementMap":{"0":{"start":{"line":1,"column":0},"end":{"line":1,"column":null}},"1":{"start":{"line":10,"column":0},"end":{"line":10,"column":51}},"2":{"start":{"line":11,"column":0},"end":{"line":11,"column":60}},"3":{"start":{"line":12,"column":0},"end":{"line":12,"column":60}},"4":{"start":{"line":15,"column":7},"end":{"line":47,"column":null}},"5":{"start":{"line":16,"column":31},"end":{"line":16,"column":47}},"6":{"start":{"line":20,"column":4},"end":{"line":20,"column":56}},"7":{"start":{"line":25,"column":4},"end":{"line":25,"column":41}},"8":{"start":{"line":30,"column":4},"end":{"line":30,"column":44}},"9":{"start":{"line":35,"column":4},"end":{"line":35,"column":53}},"10":{"start":{"line":40,"column":4},"end":{"line":40,"column":61}},"11":{"start":{"line":45,"column":4},"end":{"line":45,"column":43}},"12":{"start":{"line":15,"column":13},"end":{"line":15,"column":30}},"13":{"start":{"line":19,"column":2},"end":{"line":21,"column":null}},"14":{"start":{"line":24,"column":2},"end":{"line":26,"column":null}},"15":{"start":{"line":29,"column":2},"end":{"line":31,"column":null}},"16":{"start":{"line":34,"column":2},"end":{"line":36,"column":null}},"17":{"start":{"line":39,"column":2},"end":{"line":41,"column":null}},"18":{"start":{"line":44,"column":2},"end":{"line":46,"column":null}},"19":{"start":{"line":15,"column":13},"end":{"line":47,"column":null}}},"fnMap":{"0":{"name":"(anonymous_4)","decl":{"start":{"line":16,"column":2},"end":{"line":16,"column":31}},"loc":{"start":{"line":16,"column":61},"end":{"line":16,"column":65}}},"1":{"name":"(anonymous_5)","decl":{"start":{"line":19,"column":2},"end":{"line":19,"column":8}},"loc":{"start":{"line":19,"column":51},"end":{"line":21,"column":3}}},"2":{"name":"(anonymous_6)","decl":{"start":{"line":24,"column":2},"end":{"line":24,"column":9}},"loc":{"start":{"line":24,"column":9},"end":{"line":26,"column":3}}},"3":{"name":"(anonymous_7)","decl":{"start":{"line":29,"column":2},"end":{"line":29,"column":9}},"loc":{"start":{"line":29,"column":33},"end":{"line":31,"column":3}}},"4":{"name":"(anonymous_8)","decl":{"start":{"line":34,"column":2},"end":{"line":34,"column":19}},"loc":{"start":{"line":34,"column":43},"end":{"line":36,"column":3}}},"5":{"name":"(anonymous_9)","decl":{"start":{"line":39,"column":2},"end":{"line":39,"column":8}},"loc":{"start":{"line":39,"column":76},"end":{"line":41,"column":3}}},"6":{"name":"(anonymous_10)","decl":{"start":{"line":44,"column":2},"end":{"line":44,"column":8}},"loc":{"start":{"line":44,"column":32},"end":{"line":46,"column":3}}}},"branchMap":{},"s":{"0":0,"1":0,"2":0,"3":0,"4":0,"5":0,"6":0,"7":0,"8":0,"9":0,"10":0,"11":0,"12":0,"13":0,"14":0,"15":0,"16":0,"17":0,"18":0,"19":0},"f":{"0":0,"1":0,"2":0,"3":0,"4":0,"5":0,"6":0},"b":{}}
,"/Users/lincon/Documents/projects/apis/api-product/src/product/product.module.ts": {"path":"/Users/lincon/Documents/projects/apis/api-product/src/product/product.module.ts","statementMap":{"0":{"start":{"line":1,"column":0},"end":{"line":1,"column":40}},"1":{"start":{"line":2,"column":0},"end":{"line":2,"column":51}},"2":{"start":{"line":3,"column":0},"end":{"line":3,"column":57}},"3":{"start":{"line":4,"column":0},"end":{"line":4,"column":48}},"4":{"start":{"line":5,"column":0},"end":{"line":5,"column":52}},"5":{"start":{"line":6,"column":0},"end":{"line":6,"column":62}},"6":{"start":{"line":13,"column":7},"end":{"line":13,"column":null}},"7":{"start":{"line":13,"column":13},"end":{"line":13,"column":26}},"8":{"start":{"line":13,"column":13},"end":{"line":13,"column":null}}},"fnMap":{},"branchMap":{},"s":{"0":0,"1":0,"2":0,"3":0,"4":0,"5":0,"6":0,"7":0,"8":0},"f":{},"b":{}}
,"/Users/lincon/Documents/projects/apis/api-product/src/product/product.service.ts": {"path":"/Users/lincon/Documents/projects/apis/api-product/src/product/product.service.ts","statementMap":{"0":{"start":{"line":1,"column":0},"end":{"line":1,"column":73}},"1":{"start":{"line":4,"column":0},"end":{"line":4,"column":51}},"2":{"start":{"line":5,"column":0},"end":{"line":5,"column":52}},"3":{"start":{"line":6,"column":0},"end":{"line":6,"column":37}},"4":{"start":{"line":7,"column":0},"end":{"line":7,"column":62}},"5":{"start":{"line":10,"column":27},"end":{"line":132,"column":null}},"6":{"start":{"line":14,"column":12},"end":{"line":14,"column":31}},"7":{"start":{"line":16,"column":12},"end":{"line":16,"column":31}},"8":{"start":{"line":11,"column":19},"end":{"line":11,"column":60}},"9":{"start":{"line":20,"column":4},"end":{"line":42,"column":5}},"10":{"start":{"line":21,"column":25},"end":{"line":21,"column":35}},"11":{"start":{"line":22,"column":19},"end":{"line":22,"column":50}},"12":{"start":{"line":23,"column":19},"end":{"line":23,"column":50}},"13":{"start":{"line":24,"column":6},"end":{"line":24,"column":54}},"14":{"start":{"line":25,"column":22},"end":{"line":27,"column":8}},"15":{"start":{"line":28,"column":22},"end":{"line":28,"column":35}},"16":{"start":{"line":29,"column":6},"end":{"line":29,"column":43}},"17":{"start":{"line":30,"column":6},"end":{"line":30,"column":45}},"18":{"start":{"line":31,"column":6},"end":{"line":31,"column":55}},"19":{"start":{"line":32,"column":6},"end":{"line":32,"column":57}},"20":{"start":{"line":33,"column":6},"end":{"line":33,"column":32}},"21":{"start":{"line":34,"column":23},"end":{"line":34,"column":65}},"22":{"start":{"line":35,"column":6},"end":{"line":35,"column":22}},"23":{"start":{"line":37,"column":6},"end":{"line":37,"column":31}},"24":{"start":{"line":38,"column":6},"end":{"line":41,"column":9}},"25":{"start":{"line":46,"column":4},"end":{"line":55,"column":5}},"26":{"start":{"line":47,"column":23},"end":{"line":47,"column":52}},"27":{"start":{"line":48,"column":6},"end":{"line":48,"column":22}},"28":{"start":{"line":50,"column":6},"end":{"line":50,"column":31}},"29":{"start":{"line":51,"column":6},"end":{"line":54,"column":9}},"30":{"start":{"line":59,"column":4},"end":{"line":74,"column":5}},"31":{"start":{"line":60,"column":23},"end":{"line":66,"column":8}},"32":{"start":{"line":67,"column":6},"end":{"line":67,"column":22}},"33":{"start":{"line":69,"column":6},"end":{"line":69,"column":31}},"34":{"start":{"line":70,"column":6},"end":{"line":73,"column":9}},"35":{"start":{"line":78,"column":4},"end":{"line":87,"column":5}},"36":{"start":{"line":79,"column":23},"end":{"line":79,"column":63}},"37":{"start":{"line":80,"column":6},"end":{"line":80,"column":22}},"38":{"start":{"line":82,"column":6},"end":{"line":82,"column":31}},"39":{"start":{"line":83,"column":6},"end":{"line":86,"column":9}},"40":{"start":{"line":91,"column":4},"end":{"line":117,"column":5}},"41":{"start":{"line":92,"column":24},"end":{"line":92,"column":34}},"42":{"start":{"line":93,"column":19},"end":{"line":93,"column":49}},"43":{"start":{"line":94,"column":19},"end":{"line":94,"column":49}},"44":{"start":{"line":96,"column":6},"end":{"line":96,"column":54}},"45":{"start":{"line":97,"column":22},"end":{"line":97,"column":68}},"46":{"start":{"line":98,"column":6},"end":{"line":98,"column":55}},"47":{"start":{"line":99,"column":6},"end":{"line":100,"column":78}},"48":{"start":{"line":101,"column":6},"end":{"line":104,"column":32}},"49":{"start":{"line":105,"column":6},"end":{"line":108,"column":26}},"50":{"start":{"line":109,"column":23},"end":{"line":109,"column":65}},"51":{"start":{"line":110,"column":6},"end":{"line":110,"column":22}},"52":{"start":{"line":112,"column":6},"end":{"line":112,"column":31}},"53":{"start":{"line":113,"column":6},"end":{"line":116,"column":9}},"54":{"start":{"line":121,"column":4},"end":{"line":130,"column":5}},"55":{"start":{"line":122,"column":23},"end":{"line":122,"column":66}},"56":{"start":{"line":123,"column":6},"end":{"line":123,"column":22}},"57":{"start":{"line":125,"column":6},"end":{"line":125,"column":31}},"58":{"start":{"line":126,"column":6},"end":{"line":129,"column":9}},"59":{"start":{"line":10,"column":13},"end":{"line":10,"column":27}},"60":{"start":{"line":10,"column":13},"end":{"line":132,"column":null}}},"fnMap":{"0":{"name":"(anonymous_4)","decl":{"start":{"line":12,"column":2},"end":{"line":12,"column":null}},"loc":{"start":{"line":16,"column":50},"end":{"line":17,"column":6}}},"1":{"name":"(anonymous_5)","decl":{"start":{"line":19,"column":2},"end":{"line":19,"column":7}},"loc":{"start":{"line":19,"column":49},"end":{"line":43,"column":3}}},"2":{"name":"(anonymous_6)","decl":{"start":{"line":45,"column":2},"end":{"line":45,"column":7}},"loc":{"start":{"line":45,"column":15},"end":{"line":56,"column":3}}},"3":{"name":"(anonymous_7)","decl":{"start":{"line":58,"column":2},"end":{"line":58,"column":7}},"loc":{"start":{"line":58,"column":35},"end":{"line":75,"column":3}}},"4":{"name":"(anonymous_8)","decl":{"start":{"line":77,"column":2},"end":{"line":77,"column":7}},"loc":{"start":{"line":77,"column":26},"end":{"line":88,"column":3}}},"5":{"name":"(anonymous_9)","decl":{"start":{"line":90,"column":2},"end":{"line":90,"column":7}},"loc":{"start":{"line":90,"column":61},"end":{"line":118,"column":3}}},"6":{"name":"(anonymous_10)","decl":{"start":{"line":120,"column":2},"end":{"line":120,"column":7}},"loc":{"start":{"line":120,"column":25},"end":{"line":131,"column":3}}}},"branchMap":{"0":{"loc":{"start":{"line":100,"column":8},"end":{"line":100,"column":77}},"type":"cond-expr","locations":[{"start":{"line":100,"column":41},"end":{"line":100,"column":62}},{"start":{"line":100,"column":65},"end":{"line":100,"column":77}}]},"1":{"loc":{"start":{"line":102,"column":8},"end":{"line":104,"column":31}},"type":"cond-expr","locations":[{"start":{"line":103,"column":12},"end":{"line":103,"column":40}},{"start":{"line":104,"column":12},"end":{"line":104,"column":31}}]},"2":{"loc":{"start":{"line":106,"column":8},"end":{"line":108,"column":25}},"type":"cond-expr","locations":[{"start":{"line":107,"column":12},"end":{"line":107,"column":34}},{"start":{"line":108,"column":12},"end":{"line":108,"column":25}}]}},"s":{"0":0,"1":0,"2":0,"3":0,"4":0,"5":0,"6":0,"7":0,"8":0,"9":0,"10":0,"11":0,"12":0,"13":0,"14":0,"15":0,"16":0,"17":0,"18":0,"19":0,"20":0,"21":0,"22":0,"23":0,"24":0,"25":0,"26":0,"27":0,"28":0,"29":0,"30":0,"31":0,"32":0,"33":0,"34":0,"35":0,"36":0,"37":0,"38":0,"39":0,"40":0,"41":0,"42":0,"43":0,"44":0,"45":0,"46":0,"47":0,"48":0,"49":0,"50":0,"51":0,"52":0,"53":0,"54":0,"55":0,"56":0,"57":0,"58":0,"59":0,"60":0},"f":{"0":0,"1":0,"2":0,"3":0,"4":0,"5":0,"6":0},"b":{"0":[0,0],"1":[0,0],"2":[0,0]}}
,"/Users/lincon/Documents/projects/apis/api-product/src/product/dto/create-product.dto.ts": {"path":"/Users/lincon/Documents/projects/apis/api-product/src/product/dto/create-product.dto.ts","statementMap":{"0":{"start":{"line":1,"column":0},"end":{"line":1,"column":45}},"1":{"start":{"line":3,"column":0},"end":{"line":3,"column":13}},"2":{"start":{"line":5,"column":2},"end":{"line":5,"column":null}},"3":{"start":{"line":8,"column":2},"end":{"line":8,"column":null}},"4":{"start":{"line":13,"column":2},"end":{"line":13,"column":null}}},"fnMap":{},"branchMap":{},"s":{"0":0,"1":0,"2":0,"3":0,"4":0},"f":{},"b":{}}
,"/Users/lincon/Documents/projects/apis/api-product/src/product/dto/update-product.dto.ts": {"path":"/Users/lincon/Documents/projects/apis/api-product/src/product/dto/update-product.dto.ts","statementMap":{"0":{"start":{"line":1,"column":0},"end":{"line":1,"column":51}},"1":{"start":{"line":2,"column":0},"end":{"line":2,"column":56}},"2":{"start":{"line":4,"column":0},"end":{"line":4,"column":13}}},"fnMap":{},"branchMap":{},"s":{"0":0,"1":0,"2":0},"f":{},"b":{}}
,"/Users/lincon/Documents/projects/apis/api-product/src/product/entities/product.entity.ts": {"path":"/Users/lincon/Documents/projects/apis/api-product/src/product/entities/product.entity.ts","statementMap":{"0":{"start":{"line":1,"column":0},"end":{"line":1,"column":62}},"1":{"start":{"line":2,"column":0},"end":{"line":2,"column":76}},"2":{"start":{"line":7,"column":7},"end":{"line":30,"column":null}},"3":{"start":{"line":7,"column":13},"end":{"line":7,"column":20}},"4":{"start":{"line":9,"column":2},"end":{"line":9,"column":null}},"5":{"start":{"line":12,"column":2},"end":{"line":12,"column":null}},"6":{"start":{"line":15,"column":2},"end":{"line":15,"column":null}},"7":{"start":{"line":18,"column":2},"end":{"line":18,"column":null}},"8":{"start":{"line":21,"column":2},"end":{"line":21,"column":null}},"9":{"start":{"line":20,"column":19},"end":{"line":20,"column":26}},"10":{"start":{"line":20,"column":41},"end":{"line":20,"column":57}},"11":{"start":{"line":24,"column":2},"end":{"line":24,"column":null}},"12":{"start":{"line":29,"column":2},"end":{"line":29,"column":null}},"13":{"start":{"line":7,"column":13},"end":{"line":30,"column":null}}},"fnMap":{"0":{"name":"(anonymous_2)","decl":{"start":{"line":20,"column":13},"end":{"line":20,"column":16}},"loc":{"start":{"line":20,"column":19},"end":{"line":20,"column":26}}},"1":{"name":"(anonymous_3)","decl":{"start":{"line":20,"column":28},"end":{"line":20,"column":29}},"loc":{"start":{"line":20,"column":41},"end":{"line":20,"column":57}}}},"branchMap":{},"s":{"0":0,"1":0,"2":0,"3":0,"4":0,"5":0,"6":0,"7":0,"8":0,"9":0,"10":0,"11":0,"12":0,"13":0},"f":{"0":0,"1":0},"b":{}}
,"/Users/lincon/Documents/projects/apis/api-product/src/user/user.controller.ts": {"path":"/Users/lincon/Documents/projects/apis/api-product/src/user/user.controller.ts","statementMap":{"0":{"start":{"line":1,"column":0},"end":{"line":1,"column":null}},"1":{"start":{"line":10,"column":0},"end":{"line":10,"column":45}},"2":{"start":{"line":11,"column":0},"end":{"line":11,"column":54}},"3":{"start":{"line":12,"column":0},"end":{"line":12,"column":54}},"4":{"start":{"line":13,"column":0},"end":{"line":13,"column":57}},"5":{"start":{"line":16,"column":7},"end":{"line":44,"column":null}},"6":{"start":{"line":17,"column":31},"end":{"line":17,"column":44}},"7":{"start":{"line":22,"column":4},"end":{"line":22,"column":50}},"8":{"start":{"line":27,"column":4},"end":{"line":27,"column":38}},"9":{"start":{"line":32,"column":4},"end":{"line":32,"column":41}},"10":{"start":{"line":37,"column":4},"end":{"line":37,"column":55}},"11":{"start":{"line":42,"column":4},"end":{"line":42,"column":40}},"12":{"start":{"line":16,"column":13},"end":{"line":16,"column":27}},"13":{"start":{"line":21,"column":2},"end":{"line":23,"column":null}},"14":{"start":{"line":26,"column":2},"end":{"line":28,"column":null}},"15":{"start":{"line":31,"column":2},"end":{"line":33,"column":null}},"16":{"start":{"line":36,"column":2},"end":{"line":38,"column":null}},"17":{"start":{"line":41,"column":2},"end":{"line":43,"column":null}},"18":{"start":{"line":16,"column":13},"end":{"line":44,"column":null}}},"fnMap":{"0":{"name":"(anonymous_4)","decl":{"start":{"line":17,"column":2},"end":{"line":17,"column":31}},"loc":{"start":{"line":17,"column":55},"end":{"line":17,"column":59}}},"1":{"name":"(anonymous_5)","decl":{"start":{"line":21,"column":2},"end":{"line":21,"column":8}},"loc":{"start":{"line":21,"column":45},"end":{"line":23,"column":3}}},"2":{"name":"(anonymous_6)","decl":{"start":{"line":26,"column":2},"end":{"line":26,"column":9}},"loc":{"start":{"line":26,"column":9},"end":{"line":28,"column":3}}},"3":{"name":"(anonymous_7)","decl":{"start":{"line":31,"column":2},"end":{"line":31,"column":9}},"loc":{"start":{"line":31,"column":33},"end":{"line":33,"column":3}}},"4":{"name":"(anonymous_8)","decl":{"start":{"line":36,"column":2},"end":{"line":36,"column":8}},"loc":{"start":{"line":36,"column":70},"end":{"line":38,"column":3}}},"5":{"name":"(anonymous_9)","decl":{"start":{"line":41,"column":2},"end":{"line":41,"column":8}},"loc":{"start":{"line":41,"column":32},"end":{"line":43,"column":3}}}},"branchMap":{},"s":{"0":1,"1":1,"2":1,"3":1,"4":1,"5":1,"6":5,"7":1,"8":1,"9":1,"10":1,"11":1,"12":1,"13":1,"14":1,"15":1,"16":1,"17":1,"18":1},"f":{"0":5,"1":1,"2":1,"3":1,"4":1,"5":1},"b":{}}
,"/Users/lincon/Documents/projects/apis/api-product/src/user/user.service.ts": {"path":"/Users/lincon/Documents/projects/apis/api-product/src/user/user.service.ts","statementMap":{"0":{"start":{"line":1,"column":0},"end":{"line":1,"column":73}},"1":{"start":{"line":4,"column":0},"end":{"line":4,"column":33}},"2":{"start":{"line":5,"column":0},"end":{"line":5,"column":51}},"3":{"start":{"line":6,"column":0},"end":{"line":6,"column":46}},"4":{"start":{"line":7,"column":0},"end":{"line":7,"column":37}},"5":{"start":{"line":8,"column":20},"end":{"line":8,"column":22}},"6":{"start":{"line":11,"column":24},"end":{"line":102,"column":null}},"7":{"start":{"line":15,"column":12},"end":{"line":15,"column":28}},"8":{"start":{"line":12,"column":19},"end":{"line":12,"column":57}},"9":{"start":{"line":19,"column":4},"end":{"line":34,"column":5}},"10":{"start":{"line":20,"column":25},"end":{"line":20,"column":35}},"11":{"start":{"line":21,"column":19},"end":{"line":21,"column":50}},"12":{"start":{"line":22,"column":19},"end":{"line":22,"column":50}},"13":{"start":{"line":23,"column":19},"end":{"line":23,"column":73}},"14":{"start":{"line":24,"column":6},"end":{"line":24,"column":36}},"15":{"start":{"line":25,"column":6},"end":{"line":25,"column":51}},"16":{"start":{"line":26,"column":23},"end":{"line":26,"column":70}},"17":{"start":{"line":27,"column":6},"end":{"line":27,"column":22}},"18":{"start":{"line":29,"column":6},"end":{"line":29,"column":31}},"19":{"start":{"line":30,"column":6},"end":{"line":33,"column":9}},"20":{"start":{"line":38,"column":4},"end":{"line":47,"column":5}},"21":{"start":{"line":39,"column":23},"end":{"line":39,"column":49}},"22":{"start":{"line":40,"column":6},"end":{"line":40,"column":22}},"23":{"start":{"line":42,"column":6},"end":{"line":42,"column":31}},"24":{"start":{"line":43,"column":6},"end":{"line":46,"column":9}},"25":{"start":{"line":51,"column":4},"end":{"line":60,"column":5}},"26":{"start":{"line":52,"column":23},"end":{"line":52,"column":66}},"27":{"start":{"line":53,"column":6},"end":{"line":53,"column":22}},"28":{"start":{"line":55,"column":6},"end":{"line":55,"column":31}},"29":{"start":{"line":56,"column":6},"end":{"line":59,"column":9}},"30":{"start":{"line":64,"column":4},"end":{"line":87,"column":5}},"31":{"start":{"line":65,"column":24},"end":{"line":65,"column":34}},"32":{"start":{"line":66,"column":19},"end":{"line":66,"column":49}},"33":{"start":{"line":67,"column":19},"end":{"line":67,"column":49}},"34":{"start":{"line":69,"column":19},"end":{"line":69,"column":62}},"35":{"start":{"line":70,"column":6},"end":{"line":70,"column":42}},"36":{"start":{"line":71,"column":6},"end":{"line":74,"column":7}},"37":{"start":{"line":72,"column":21},"end":{"line":72,"column":75}},"38":{"start":{"line":73,"column":8},"end":{"line":73,"column":29}},"39":{"start":{"line":75,"column":6},"end":{"line":76,"column":73}},"40":{"start":{"line":77,"column":6},"end":{"line":78,"column":76}},"41":{"start":{"line":79,"column":23},"end":{"line":79,"column":59}},"42":{"start":{"line":80,"column":6},"end":{"line":80,"column":22}},"43":{"start":{"line":82,"column":6},"end":{"line":82,"column":31}},"44":{"start":{"line":83,"column":6},"end":{"line":86,"column":9}},"45":{"start":{"line":91,"column":4},"end":{"line":100,"column":5}},"46":{"start":{"line":92,"column":23},"end":{"line":92,"column":63}},"47":{"start":{"line":93,"column":6},"end":{"line":93,"column":22}},"48":{"start":{"line":95,"column":6},"end":{"line":95,"column":31}},"49":{"start":{"line":96,"column":6},"end":{"line":99,"column":9}},"50":{"start":{"line":11,"column":13},"end":{"line":11,"column":24}},"51":{"start":{"line":11,"column":13},"end":{"line":102,"column":null}}},"fnMap":{"0":{"name":"(anonymous_4)","decl":{"start":{"line":13,"column":2},"end":{"line":13,"column":null}},"loc":{"start":{"line":15,"column":44},"end":{"line":16,"column":6}}},"1":{"name":"(anonymous_5)","decl":{"start":{"line":18,"column":2},"end":{"line":18,"column":7}},"loc":{"start":{"line":18,"column":43},"end":{"line":35,"column":3}}},"2":{"name":"(anonymous_6)","decl":{"start":{"line":37,"column":2},"end":{"line":37,"column":7}},"loc":{"start":{"line":37,"column":15},"end":{"line":48,"column":3}}},"3":{"name":"(anonymous_7)","decl":{"start":{"line":50,"column":2},"end":{"line":50,"column":7}},"loc":{"start":{"line":50,"column":26},"end":{"line":61,"column":3}}},"4":{"name":"(anonymous_8)","decl":{"start":{"line":63,"column":2},"end":{"line":63,"column":7}},"loc":{"start":{"line":63,"column":55},"end":{"line":88,"column":3}}},"5":{"name":"(anonymous_9)","decl":{"start":{"line":90,"column":2},"end":{"line":90,"column":7}},"loc":{"start":{"line":90,"column":25},"end":{"line":101,"column":3}}}},"branchMap":{"0":{"loc":{"start":{"line":71,"column":6},"end":{"line":74,"column":7}},"type":"if","locations":[{"start":{"line":71,"column":6},"end":{"line":74,"column":7}}]},"1":{"loc":{"start":{"line":71,"column":10},"end":{"line":71,"column":77}},"type":"binary-expr","locations":[{"start":{"line":71,"column":10},"end":{"line":71,"column":38}},{"start":{"line":71,"column":42},"end":{"line":71,"column":77}}]},"2":{"loc":{"start":{"line":76,"column":8},"end":{"line":76,"column":72}},"type":"cond-expr","locations":[{"start":{"line":76,"column":42},"end":{"line":76,"column":60}},{"start":{"line":76,"column":63},"end":{"line":76,"column":72}}]},"3":{"loc":{"start":{"line":78,"column":8},"end":{"line":78,"column":75}},"type":"cond-expr","locations":[{"start":{"line":78,"column":43},"end":{"line":78,"column":62}},{"start":{"line":78,"column":65},"end":{"line":78,"column":75}}]}},"s":{"0":2,"1":2,"2":2,"3":2,"4":2,"5":2,"6":2,"7":12,"8":12,"9":2,"10":2,"11":2,"12":2,"13":2,"14":2,"15":2,"16":2,"17":1,"18":1,"19":1,"20":2,"21":2,"22":2,"23":0,"24":0,"25":2,"26":2,"27":1,"28":1,"29":1,"30":3,"31":3,"32":3,"33":3,"34":3,"35":2,"36":2,"37":2,"38":2,"39":2,"40":2,"41":2,"42":1,"43":2,"44":2,"45":2,"46":2,"47":1,"48":1,"49":1,"50":2,"51":2},"f":{"0":12,"1":2,"2":2,"3":2,"4":3,"5":2},"b":{"0":[2],"1":[2,2],"2":[2,0],"3":[2,0]}}
,"/Users/lincon/Documents/projects/apis/api-product/src/user/dto/create-user.dto.ts": {"path":"/Users/lincon/Documents/projects/apis/api-product/src/user/dto/create-user.dto.ts","statementMap":{"0":{"start":{"line":1,"column":0},"end":{"line":1,"column":45}},"1":{"start":{"line":3,"column":0},"end":{"line":3,"column":13}},"2":{"start":{"line":5,"column":2},"end":{"line":5,"column":null}},"3":{"start":{"line":8,"column":2},"end":{"line":8,"column":null}},"4":{"start":{"line":11,"column":2},"end":{"line":11,"column":null}}},"fnMap":{},"branchMap":{},"s":{"0":1,"1":1,"2":1,"3":1,"4":1},"f":{},"b":{}}
,"/Users/lincon/Documents/projects/apis/api-product/src/user/dto/update-user.dto.ts": {"path":"/Users/lincon/Documents/projects/apis/api-product/src/user/dto/update-user.dto.ts","statementMap":{"0":{"start":{"line":1,"column":0},"end":{"line":1,"column":51}},"1":{"start":{"line":2,"column":0},"end":{"line":2,"column":50}},"2":{"start":{"line":4,"column":0},"end":{"line":4,"column":13}}},"fnMap":{},"branchMap":{},"s":{"0":1,"1":1,"2":1},"f":{},"b":{}}
,"/Users/lincon/Documents/projects/apis/api-product/src/user/entities/user.entity.ts": {"path":"/Users/lincon/Documents/projects/apis/api-product/src/user/entities/user.entity.ts","statementMap":{"0":{"start":{"line":1,"column":0},"end":{"line":1,"column":65}},"1":{"start":{"line":6,"column":7},"end":{"line":26,"column":null}},"2":{"start":{"line":6,"column":13},"end":{"line":6,"column":17}},"3":{"start":{"line":8,"column":2},"end":{"line":8,"column":null}},"4":{"start":{"line":11,"column":2},"end":{"line":11,"column":null}},"5":{"start":{"line":14,"column":2},"end":{"line":14,"column":null}},"6":{"start":{"line":17,"column":2},"end":{"line":17,"column":null}},"7":{"start":{"line":20,"column":2},"end":{"line":20,"column":null}},"8":{"start":{"line":25,"column":2},"end":{"line":25,"column":null}},"9":{"start":{"line":6,"column":13},"end":{"line":26,"column":null}}},"fnMap":{},"branchMap":{},"s":{"0":2,"1":2,"2":2,"3":2,"4":2,"5":2,"6":2,"7":2,"8":2,"9":2},"f":{},"b":{}}
}
