TN:
SF:src/app.controller.ts
FN:7,(anonymous_2)
FN:11,(anonymous_3)
FNF:2
FNH:2
FNDA:1,(anonymous_2)
FNDA:1,(anonymous_3)
DA:1,1
DA:2,1
DA:3,1
DA:6,1
DA:7,1
DA:11,1
DA:12,1
LF:7
LH:7
BRF:0
BRH:0
end_of_record
TN:
SF:src/app.module.ts
FN:51,(anonymous_2)
FNF:1
FNH:0
FNDA:0,(anonymous_2)
DA:1,0
DA:2,0
DA:3,0
DA:4,0
DA:5,0
DA:6,0
DA:7,0
DA:8,0
DA:9,0
DA:10,0
DA:11,0
DA:12,0
DA:13,0
DA:14,0
DA:15,0
DA:16,0
DA:50,0
DA:51,0
LF:18
LH:0
BRF:0
BRH:0
end_of_record
TN:
SF:src/app.service.ts
FN:5,(anonymous_1)
FNF:1
FNH:1
FNDA:1,(anonymous_1)
DA:1,1
DA:4,1
DA:6,1
LF:3
LH:3
BRF:0
BRH:0
end_of_record
TN:
SF:src/main.ts
FN:5,bootstrap
FNF:1
FNH:0
FNDA:0,bootstrap
DA:1,0
DA:2,0
DA:3,0
DA:6,0
DA:7,0
DA:9,0
LF:6
LH:0
BRDA:7,0,0,0
BRDA:7,0,1,0
BRF:2
BRH:0
end_of_record
TN:
SF:src/auth/auth.controller.ts
FN:8,(anonymous_4)
FN:12,(anonymous_5)
FNF:2
FNH:0
FNDA:0,(anonymous_4)
FNDA:0,(anonymous_5)
DA:1,0
DA:2,0
DA:3,0
DA:4,0
DA:7,0
DA:8,0
DA:12,0
DA:13,0
LF:8
LH:0
BRF:0
BRH:0
end_of_record
TN:
SF:src/auth/auth.guard.ts
FN:15,(anonymous_2)
FN:20,(anonymous_3)
FN:45,(anonymous_4)
FNF:3
FNH:0
FNDA:0,(anonymous_2)
FNDA:0,(anonymous_3)
FNDA:0,(anonymous_4)
DA:1,0
DA:2,0
DA:8,0
DA:9,0
DA:11,0
DA:14,0
DA:16,0
DA:17,0
DA:21,0
DA:25,0
DA:26,0
DA:29,0
DA:30,0
DA:31,0
DA:32,0
DA:34,0
DA:35,0
DA:38,0
DA:40,0
DA:42,0
DA:46,0
DA:47,0
LF:22
LH:0
BRDA:25,0,0,0
BRDA:31,1,0,0
BRDA:46,2,0,0
BRDA:46,2,1,0
BRDA:47,3,0,0
BRDA:47,3,1,0
BRF:6
BRH:0
end_of_record
TN:
SF:src/auth/auth.module.ts
FNF:0
FNH:0
DA:1,0
DA:2,0
DA:3,0
DA:4,0
DA:5,0
DA:6,0
DA:7,0
DA:23,0
LF:8
LH:0
BRF:0
BRH:0
end_of_record
TN:
SF:src/auth/auth.service.ts
FN:17,(anonymous_4)
FN:23,(anonymous_5)
FNF:2
FNH:0
FNDA:0,(anonymous_4)
FNDA:0,(anonymous_5)
DA:1,0
DA:8,0
DA:9,0
DA:10,0
DA:11,0
DA:12,0
DA:15,0
DA:16,0
DA:19,0
DA:20,0
DA:24,0
DA:25,0
DA:28,0
DA:29,0
DA:31,0
DA:35,0
DA:36,0
DA:40,0
DA:41,0
DA:47,0
DA:48,0
DA:51,0
DA:53,0
DA:54,0
DA:56,0
LF:25
LH:0
BRDA:28,0,0,0
BRDA:35,1,0,0
BRDA:47,2,0,0
BRDA:53,3,0,0
BRDA:53,3,1,0
BRF:5
BRH:0
end_of_record
TN:
SF:src/auth/dto/create-auth.dto.ts
FNF:0
FNH:0
DA:1,0
DA:3,0
DA:5,0
DA:7,0
LF:4
LH:0
BRF:0
BRH:0
end_of_record
TN:
SF:src/auth/dto/update-auth.dto.ts
FNF:0
FNH:0
DA:1,0
DA:2,0
DA:4,0
LF:3
LH:0
BRF:0
BRH:0
end_of_record
TN:
SF:src/auth/entities/auth.entity.ts
FNF:0
FNH:0
DA:1,0
LF:1
LH:0
BRF:0
BRH:0
end_of_record
TN:
SF:src/decorators/public.decorators.ts
FN:5,(anonymous_0)
FNF:1
FNH:1
FNDA:2,(anonymous_0)
DA:2,2
DA:4,2
DA:5,2
LF:3
LH:3
BRF:0
BRH:0
end_of_record
TN:
SF:src/factory/factory.controller.ts
FN:16,(anonymous_4)
FN:19,(anonymous_5)
FN:24,(anonymous_6)
FN:29,(anonymous_7)
FN:34,(anonymous_8)
FN:39,(anonymous_9)
FNF:6
FNH:0
FNDA:0,(anonymous_4)
FNDA:0,(anonymous_5)
FNDA:0,(anonymous_6)
FNDA:0,(anonymous_7)
FNDA:0,(anonymous_8)
FNDA:0,(anonymous_9)
DA:1,0
DA:10,0
DA:11,0
DA:12,0
DA:15,0
DA:16,0
DA:19,0
DA:20,0
DA:24,0
DA:25,0
DA:29,0
DA:30,0
DA:34,0
DA:35,0
DA:39,0
DA:40,0
LF:16
LH:0
BRF:0
BRH:0
end_of_record
TN:
SF:src/factory/factory.module.ts
FNF:0
FNH:0
DA:1,0
DA:2,0
DA:3,0
DA:4,0
DA:5,0
DA:6,0
DA:13,0
LF:7
LH:0
BRF:0
BRH:0
end_of_record
TN:
SF:src/factory/factory.service.ts
FN:11,(anonymous_4)
FN:16,(anonymous_5)
FN:38,(anonymous_6)
FN:51,(anonymous_7)
FN:68,(anonymous_8)
FN:93,(anonymous_9)
FNF:6
FNH:0
FNDA:0,(anonymous_4)
FNDA:0,(anonymous_5)
FNDA:0,(anonymous_6)
FNDA:0,(anonymous_7)
FNDA:0,(anonymous_8)
FNDA:0,(anonymous_9)
DA:1,0
DA:4,0
DA:5,0
DA:6,0
DA:9,0
DA:10,0
DA:13,0
DA:17,0
DA:18,0
DA:19,0
DA:20,0
DA:21,0
DA:23,0
DA:24,0
DA:25,0
DA:27,0
DA:28,0
DA:30,0
DA:31,0
DA:39,0
DA:40,0
DA:41,0
DA:43,0
DA:44,0
DA:52,0
DA:53,0
DA:58,0
DA:60,0
DA:61,0
DA:69,0
DA:70,0
DA:71,0
DA:72,0
DA:74,0
DA:75,0
DA:76,0
DA:77,0
DA:82,0
DA:83,0
DA:85,0
DA:86,0
DA:94,0
DA:95,0
DA:96,0
DA:98,0
DA:99,0
LF:46
LH:0
BRDA:78,0,0,0
BRDA:78,0,1,0
BRF:2
BRH:0
end_of_record
TN:
SF:src/factory/dto/create-factory.dto.ts
FNF:0
FNH:0
DA:1,0
DA:3,0
DA:5,0
LF:3
LH:0
BRF:0
BRH:0
end_of_record
TN:
SF:src/factory/dto/update-factory.dto.ts
FNF:0
FNH:0
DA:1,0
DA:2,0
DA:4,0
LF:3
LH:0
BRF:0
BRH:0
end_of_record
TN:
SF:src/factory/entities/factory.entity.ts
FN:14,(anonymous_2)
FN:14,(anonymous_3)
FNF:2
FNH:0
FNDA:0,(anonymous_2)
FNDA:0,(anonymous_3)
DA:1,0
DA:2,0
DA:7,0
DA:9,0
DA:12,0
DA:14,0
DA:15,0
DA:18,0
DA:23,0
LF:9
LH:0
BRF:0
BRH:0
end_of_record
TN:
SF:src/product/product.controller.ts
FN:16,(anonymous_4)
FN:19,(anonymous_5)
FN:24,(anonymous_6)
FN:29,(anonymous_7)
FN:34,(anonymous_8)
FN:39,(anonymous_9)
FN:44,(anonymous_10)
FNF:7
FNH:0
FNDA:0,(anonymous_4)
FNDA:0,(anonymous_5)
FNDA:0,(anonymous_6)
FNDA:0,(anonymous_7)
FNDA:0,(anonymous_8)
FNDA:0,(anonymous_9)
FNDA:0,(anonymous_10)
DA:1,0
DA:10,0
DA:11,0
DA:12,0
DA:15,0
DA:16,0
DA:19,0
DA:20,0
DA:24,0
DA:25,0
DA:29,0
DA:30,0
DA:34,0
DA:35,0
DA:39,0
DA:40,0
DA:44,0
DA:45,0
LF:18
LH:0
BRF:0
BRH:0
end_of_record
TN:
SF:src/product/product.module.ts
FNF:0
FNH:0
DA:1,0
DA:2,0
DA:3,0
DA:4,0
DA:5,0
DA:6,0
DA:13,0
LF:7
LH:0
BRF:0
BRH:0
end_of_record
TN:
SF:src/product/product.service.ts
FN:12,(anonymous_4)
FN:19,(anonymous_5)
FN:45,(anonymous_6)
FN:58,(anonymous_7)
FN:77,(anonymous_8)
FN:90,(anonymous_9)
FN:120,(anonymous_10)
FNF:7
FNH:0
FNDA:0,(anonymous_4)
FNDA:0,(anonymous_5)
FNDA:0,(anonymous_6)
FNDA:0,(anonymous_7)
FNDA:0,(anonymous_8)
FNDA:0,(anonymous_9)
FNDA:0,(anonymous_10)
DA:1,0
DA:4,0
DA:5,0
DA:6,0
DA:7,0
DA:10,0
DA:11,0
DA:14,0
DA:16,0
DA:20,0
DA:21,0
DA:22,0
DA:23,0
DA:24,0
DA:25,0
DA:28,0
DA:29,0
DA:30,0
DA:31,0
DA:32,0
DA:33,0
DA:34,0
DA:35,0
DA:37,0
DA:38,0
DA:46,0
DA:47,0
DA:48,0
DA:50,0
DA:51,0
DA:59,0
DA:60,0
DA:67,0
DA:69,0
DA:70,0
DA:78,0
DA:79,0
DA:80,0
DA:82,0
DA:83,0
DA:91,0
DA:92,0
DA:93,0
DA:94,0
DA:96,0
DA:97,0
DA:98,0
DA:99,0
DA:101,0
DA:105,0
DA:109,0
DA:110,0
DA:112,0
DA:113,0
DA:121,0
DA:122,0
DA:123,0
DA:125,0
DA:126,0
LF:59
LH:0
BRDA:100,0,0,0
BRDA:100,0,1,0
BRDA:102,1,0,0
BRDA:102,1,1,0
BRDA:106,2,0,0
BRDA:106,2,1,0
BRF:6
BRH:0
end_of_record
TN:
SF:src/product/dto/create-product.dto.ts
FNF:0
FNH:0
DA:1,0
DA:3,0
DA:5,0
DA:8,0
DA:13,0
LF:5
LH:0
BRF:0
BRH:0
end_of_record
TN:
SF:src/product/dto/update-product.dto.ts
FNF:0
FNH:0
DA:1,0
DA:2,0
DA:4,0
LF:3
LH:0
BRF:0
BRH:0
end_of_record
TN:
SF:src/product/entities/product.entity.ts
FN:20,(anonymous_2)
FN:20,(anonymous_3)
FNF:2
FNH:0
FNDA:0,(anonymous_2)
FNDA:0,(anonymous_3)
DA:1,0
DA:2,0
DA:7,0
DA:9,0
DA:12,0
DA:15,0
DA:18,0
DA:20,0
DA:21,0
DA:24,0
DA:29,0
LF:11
LH:0
BRF:0
BRH:0
end_of_record
TN:
SF:src/user/user.controller.ts
FN:17,(anonymous_4)
FN:21,(anonymous_5)
FN:26,(anonymous_6)
FN:31,(anonymous_7)
FN:36,(anonymous_8)
FN:41,(anonymous_9)
FNF:6
FNH:6
FNDA:5,(anonymous_4)
FNDA:1,(anonymous_5)
FNDA:1,(anonymous_6)
FNDA:1,(anonymous_7)
FNDA:1,(anonymous_8)
FNDA:1,(anonymous_9)
DA:1,1
DA:10,1
DA:11,1
DA:12,1
DA:13,1
DA:16,1
DA:17,5
DA:21,1
DA:22,1
DA:26,1
DA:27,1
DA:31,1
DA:32,1
DA:36,1
DA:37,1
DA:41,1
DA:42,1
LF:17
LH:17
BRF:0
BRH:0
end_of_record
TN:
SF:src/user/user.service.ts
FN:13,(anonymous_4)
FN:18,(anonymous_5)
FN:37,(anonymous_6)
FN:50,(anonymous_7)
FN:63,(anonymous_8)
FN:90,(anonymous_9)
FNF:6
FNH:6
FNDA:12,(anonymous_4)
FNDA:2,(anonymous_5)
FNDA:2,(anonymous_6)
FNDA:2,(anonymous_7)
FNDA:3,(anonymous_8)
FNDA:2,(anonymous_9)
DA:1,2
DA:4,2
DA:5,2
DA:6,2
DA:7,2
DA:8,2
DA:11,2
DA:12,12
DA:15,12
DA:19,2
DA:20,2
DA:21,2
DA:22,2
DA:23,2
DA:24,2
DA:25,2
DA:26,2
DA:27,1
DA:29,1
DA:30,1
DA:38,2
DA:39,2
DA:40,2
DA:42,0
DA:43,0
DA:51,2
DA:52,2
DA:53,1
DA:55,1
DA:56,1
DA:64,3
DA:65,3
DA:66,3
DA:67,3
DA:69,3
DA:70,2
DA:71,2
DA:72,2
DA:73,2
DA:75,2
DA:77,2
DA:79,2
DA:80,1
DA:82,2
DA:83,2
DA:91,2
DA:92,2
DA:93,1
DA:95,1
DA:96,1
LF:50
LH:48
BRDA:71,0,0,2
BRDA:71,1,0,2
BRDA:71,1,1,2
BRDA:76,2,0,2
BRDA:76,2,1,0
BRDA:78,3,0,2
BRDA:78,3,1,0
BRF:7
BRH:5
end_of_record
TN:
SF:src/user/dto/create-user.dto.ts
FNF:0
FNH:0
DA:1,1
DA:3,1
DA:5,1
DA:8,1
DA:11,1
LF:5
LH:5
BRF:0
BRH:0
end_of_record
TN:
SF:src/user/dto/update-user.dto.ts
FNF:0
FNH:0
DA:1,1
DA:2,1
DA:4,1
LF:3
LH:3
BRF:0
BRH:0
end_of_record
TN:
SF:src/user/entities/user.entity.ts
FNF:0
FNH:0
DA:1,2
DA:6,2
DA:8,2
DA:11,2
DA:14,2
DA:17,2
DA:20,2
DA:25,2
LF:8
LH:8
BRF:0
BRH:0
end_of_record
